{
  "stats": {
    "suites": 1,
    "tests": 1,
    "passes": 1,
    "pending": 0,
    "failures": 0,
    "start": "2026-03-15T10:10:05.692Z",
    "end": "2026-03-15T10:10:12.036Z",
    "duration": 6344,
    "testsRegistered": 1,
    "passPercent": 100,
    "pendingPercent": 0,
    "other": 0,
    "hasOther": false,
    "skipped": 0,
    "hasSkipped": false
  },
  "results": [
    {
      "uuid": "715964ca-9cd6-45e5-bc91-9a0306dec97c",
      "title": "",
      "fullFile": "cypress\\e2e\\ui\\smoke\\add-to-cart.smoke.cy.js",
      "file": "cypress\\e2e\\ui\\smoke\\add-to-cart.smoke.cy.js",
      "beforeHooks": [],
      "afterHooks": [],
      "tests": [],
      "suites": [
        {
          "uuid": "2a66253e-b628-48ff-b5d7-c079ad7c9b4a",
          "title": "UI Smoke - Add to Cart",
          "fullFile": "",
          "file": "",
          "beforeHooks": [],
          "afterHooks": [],
          "tests": [
            {
              "title": "should add one product to cart and verify item in cart",
              "fullTitle": "UI Smoke - Add to Cart should add one product to cart and verify item in cart",
              "timedOut": null,
              "duration": 6271,
              "state": "passed",
              "speed": "medium",
              "pass": true,
              "fail": false,
              "pending": false,
              "context": null,
              "code": "_InventoryPage.default.addProductToCartByName(productName);\ncy.get(\".shopping_cart_badge\").should(\"have.text\", \"1\");\n_InventoryPage.default.openCart();\n_CartPage.default.getCartItems().should(\"have.length\", 1);\ncy.contains(\".inventory_item_name\", productName).should(\"be.visible\");",
              "err": {},
              "uuid": "7b67db89-3bef-43fe-9233-1ba96f2d23a7",
              "parentUUID": "2a66253e-b628-48ff-b5d7-c079ad7c9b4a",
              "isHook": false,
              "skipped": false
            }
          ],
          "suites": [],
          "passes": [
            "7b67db89-3bef-43fe-9233-1ba96f2d23a7"
          ],
          "failures": [],
          "pending": [],
          "skipped": [],
          "duration": 6271,
          "root": false,
          "rootEmpty": false,
          "_timeout": 2000
        }
      ],
      "passes": [],
      "failures": [],
      "pending": [],
      "skipped": [],
      "duration": 0,
      "root": true,
      "rootEmpty": true,
      "_timeout": 2000
    }
  ],
  "meta": {
    "mocha": {
      "version": "7.2.0"
    },
    "mochawesome": {
      "options": {
        "quiet": false,
        "reportFilename": "mochawesome",
        "saveHtml": false,
        "saveJson": true,
        "consoleReporter": "spec",
        "useInlineDiffs": false,
        "code": true
      },
      "version": "7.1.4"
    },
    "marge": {
      "options": {
        "reportDir": "cypress/reports/mochawesome",
        "overwrite": false,
        "html": false,
        "json": true
      },
      "version": "6.3.2"
    }
  }
}