{
  "stats": {
    "suites": 1,
    "tests": 2,
    "passes": 2,
    "pending": 0,
    "failures": 0,
    "start": "2026-06-27T08:23:25.558Z",
    "end": "2026-06-27T08:23:27.836Z",
    "duration": 2278,
    "testsRegistered": 2,
    "passPercent": 100,
    "pendingPercent": 0,
    "other": 0,
    "hasOther": false,
    "skipped": 0,
    "hasSkipped": false
  },
  "results": [
    {
      "uuid": "5ddba8e5-05ce-4420-9798-1ddd8ca1c054",
      "title": "",
      "fullFile": "cypress\\e2e\\api\\regression\\users-api.regression.cy.js",
      "file": "cypress\\e2e\\api\\regression\\users-api.regression.cy.js",
      "beforeHooks": [],
      "afterHooks": [],
      "tests": [],
      "suites": [
        {
          "uuid": "d3af160d-4452-43d7-ba9d-d6d04caf0abe",
          "title": "API Regression - Users",
          "fullFile": "",
          "file": "",
          "beforeHooks": [],
          "afterHooks": [],
          "tests": [
            {
              "title": "should return users list with required fields",
              "fullTitle": "API Regression - Users should return users list with required fields",
              "timedOut": null,
              "duration": 917,
              "state": "passed",
              "speed": "fast",
              "pass": true,
              "fail": false,
              "pending": false,
              "context": null,
              "code": "cy.request({\n  method: \"GET\",\n  url: `${Cypress.env(\"apiBaseUrl\")}${_apiRoutes.API_ROUTES.USERS}`\n}).then(response => {\n  expect(response.status).to.eq(200);\n  expect(response.body).to.be.an(\"array\").and.not.be.empty;\n  response.body.forEach(user => {\n    expect(user).to.have.property(\"id\");\n    expect(user).to.have.property(\"email\");\n    expect(user).to.have.property(\"username\");\n  });\n});",
              "err": {},
              "uuid": "dacdbdfd-fa21-4729-8ea6-47016c53e3be",
              "parentUUID": "d3af160d-4452-43d7-ba9d-d6d04caf0abe",
              "isHook": false,
              "skipped": false
            },
            {
              "title": "should return user by id with address details",
              "fullTitle": "API Regression - Users should return user by id with address details",
              "timedOut": null,
              "duration": 1203,
              "state": "passed",
              "speed": "fast",
              "pass": true,
              "fail": false,
              "pending": false,
              "context": null,
              "code": "cy.request({\n  method: \"GET\",\n  url: `${Cypress.env(\"apiBaseUrl\")}${_apiRoutes.API_ROUTES.USER_BY_ID(1)}`\n}).then(response => {\n  expect(response.status).to.eq(200);\n  expect(response.body.id).to.eq(1);\n  expect(response.body).to.have.property(\"address\");\n  expect(response.body.address).to.have.property(\"city\");\n});",
              "err": {},
              "uuid": "4ddc1950-9d44-4834-a74a-257c31a4a754",
              "parentUUID": "d3af160d-4452-43d7-ba9d-d6d04caf0abe",
              "isHook": false,
              "skipped": false
            }
          ],
          "suites": [],
          "passes": [
            "dacdbdfd-fa21-4729-8ea6-47016c53e3be",
            "4ddc1950-9d44-4834-a74a-257c31a4a754"
          ],
          "failures": [],
          "pending": [],
          "skipped": [],
          "duration": 2120,
          "root": false,
          "rootEmpty": false,
          "_timeout": 2000
        }
      ],
      "passes": [],
      "failures": [],
      "pending": [],
      "skipped": [],
      "duration": 0,
      "root": true,
      "rootEmpty": true,
      "_timeout": 2000
    }
  ],
  "meta": {
    "mocha": {
      "version": "7.2.0"
    },
    "mochawesome": {
      "options": {
        "quiet": false,
        "reportFilename": "mochawesome",
        "saveHtml": false,
        "saveJson": true,
        "consoleReporter": "spec",
        "useInlineDiffs": false,
        "code": true
      },
      "version": "7.1.4"
    },
    "marge": {
      "options": {
        "reportDir": "cypress/reports/mochawesome",
        "overwrite": false,
        "html": false,
        "json": true
      },
      "version": "6.3.2"
    }
  }
}