{
  "stats": {
    "suites": 1,
    "tests": 2,
    "passes": 2,
    "pending": 0,
    "failures": 0,
    "start": "2026-06-27T08:21:28.695Z",
    "end": "2026-06-27T08:21:29.930Z",
    "duration": 1235,
    "testsRegistered": 2,
    "passPercent": 100,
    "pendingPercent": 0,
    "other": 0,
    "hasOther": false,
    "skipped": 0,
    "hasSkipped": false
  },
  "results": [
    {
      "uuid": "231dc22f-4afa-401c-a828-79252fb614bb",
      "title": "",
      "fullFile": "cypress\\e2e\\api\\smoke\\products-api.smoke.cy.js",
      "file": "cypress\\e2e\\api\\smoke\\products-api.smoke.cy.js",
      "beforeHooks": [],
      "afterHooks": [],
      "tests": [],
      "suites": [
        {
          "uuid": "1fb8a6fd-fd7b-47fe-9268-43ac11a36f0a",
          "title": "API Smoke - Products",
          "fullFile": "",
          "file": "",
          "beforeHooks": [],
          "afterHooks": [],
          "tests": [
            {
              "title": "should return products list with 200 and valid structure",
              "fullTitle": "API Smoke - Products should return products list with 200 and valid structure",
              "timedOut": null,
              "duration": 615,
              "state": "passed",
              "speed": "fast",
              "pass": true,
              "fail": false,
              "pending": false,
              "context": null,
              "code": "cy.getProducts().then(response => {\n  expect(response.status).to.eq(200);\n  expect(response.body).to.be.an(\"array\").and.not.be.empty;\n  const firstProduct = response.body[0];\n  (0, _validators.validateProductShape)(firstProduct);\n});",
              "err": {},
              "uuid": "b6d91a2b-4f51-40d2-92b1-ec3f8f53e437",
              "parentUUID": "1fb8a6fd-fd7b-47fe-9268-43ac11a36f0a",
              "isHook": false,
              "skipped": false
            },
            {
              "title": "should return a single product by id with valid fields",
              "fullTitle": "API Smoke - Products should return a single product by id with valid fields",
              "timedOut": null,
              "duration": 546,
              "state": "passed",
              "speed": "fast",
              "pass": true,
              "fail": false,
              "pending": false,
              "context": null,
              "code": "cy.fixture(\"apiTestData\").then(data => {\n  cy.getProductById(data.validProductId).then(response => {\n    expect(response.status).to.eq(200);\n    expect(response.body.id).to.eq(data.validProductId);\n    (0, _validators.validateProductShape)(response.body);\n  });\n});",
              "err": {},
              "uuid": "091ed280-f28d-4137-9d11-d275154cb23e",
              "parentUUID": "1fb8a6fd-fd7b-47fe-9268-43ac11a36f0a",
              "isHook": false,
              "skipped": false
            }
          ],
          "suites": [],
          "passes": [
            "b6d91a2b-4f51-40d2-92b1-ec3f8f53e437",
            "091ed280-f28d-4137-9d11-d275154cb23e"
          ],
          "failures": [],
          "pending": [],
          "skipped": [],
          "duration": 1161,
          "root": false,
          "rootEmpty": false,
          "_timeout": 2000
        }
      ],
      "passes": [],
      "failures": [],
      "pending": [],
      "skipped": [],
      "duration": 0,
      "root": true,
      "rootEmpty": true,
      "_timeout": 2000
    }
  ],
  "meta": {
    "mocha": {
      "version": "7.2.0"
    },
    "mochawesome": {
      "options": {
        "quiet": false,
        "reportFilename": "mochawesome",
        "saveHtml": false,
        "saveJson": true,
        "consoleReporter": "spec",
        "useInlineDiffs": false,
        "code": true
      },
      "version": "7.1.4"
    },
    "marge": {
      "options": {
        "reportDir": "cypress/reports/mochawesome",
        "overwrite": false,
        "html": false,
        "json": true
      },
      "version": "6.3.2"
    }
  }
}