{
  "stats": {
    "suites": 1,
    "tests": 2,
    "passes": 2,
    "pending": 0,
    "failures": 0,
    "start": "2026-06-27T08:23:03.672Z",
    "end": "2026-06-27T08:23:09.114Z",
    "duration": 5442,
    "testsRegistered": 2,
    "passPercent": 100,
    "pendingPercent": 0,
    "other": 0,
    "hasOther": false,
    "skipped": 0,
    "hasSkipped": false
  },
  "results": [
    {
      "uuid": "d94ff655-54a4-4c77-a279-b6edfa11a24b",
      "title": "",
      "fullFile": "cypress\\e2e\\api\\regression\\categories-api.regression.cy.js",
      "file": "cypress\\e2e\\api\\regression\\categories-api.regression.cy.js",
      "beforeHooks": [],
      "afterHooks": [],
      "tests": [],
      "suites": [
        {
          "uuid": "061f38df-5fb2-40d3-92b7-c84c83ba7b09",
          "title": "API Regression - Categories",
          "fullFile": "",
          "file": "",
          "beforeHooks": [],
          "afterHooks": [],
          "tests": [
            {
              "title": "should return categories list with 200 and non-empty values",
              "fullTitle": "API Regression - Categories should return categories list with 200 and non-empty values",
              "timedOut": null,
              "duration": 1766,
              "state": "passed",
              "speed": "fast",
              "pass": true,
              "fail": false,
              "pending": false,
              "context": null,
              "code": "cy.request({\n  method: \"GET\",\n  url: `${Cypress.env(\"apiBaseUrl\")}${_apiRoutes.API_ROUTES.CATEGORIES}`\n}).then(response => {\n  expect(response.status).to.eq(200);\n  expect(response.body).to.be.an(\"array\").and.not.be.empty;\n  response.body.forEach(category => {\n    expect(category).to.be.a(\"string\").and.not.be.empty;\n  });\n});",
              "err": {},
              "uuid": "58cf1f36-2cd5-40f6-af22-d998caea5889",
              "parentUUID": "061f38df-5fb2-40d3-92b7-c84c83ba7b09",
              "isHook": false,
              "skipped": false
            },
            {
              "title": "should return products for each category",
              "fullTitle": "API Regression - Categories should return products for each category",
              "timedOut": null,
              "duration": 3432,
              "state": "passed",
              "speed": "fast",
              "pass": true,
              "fail": false,
              "pending": false,
              "context": null,
              "code": "cy.request({\n  method: \"GET\",\n  url: `${Cypress.env(\"apiBaseUrl\")}${_apiRoutes.API_ROUTES.CATEGORIES}`\n}).then(categoryResponse => {\n  const categories = categoryResponse.body;\n  categories.forEach(category => {\n    cy.request({\n      method: \"GET\",\n      url: `${Cypress.env(\"apiBaseUrl\")}${_apiRoutes.API_ROUTES.PRODUCTS_BY_CATEGORY(category)}`\n    }).then(productsResponse => {\n      expect(productsResponse.status).to.eq(200);\n      expect(productsResponse.body).to.be.an(\"array\");\n      productsResponse.body.forEach(product => {\n        expect(product.category).to.eq(category);\n      });\n    });\n  });\n});",
              "err": {},
              "uuid": "6ec7702c-9a31-41bb-b71e-10526220163e",
              "parentUUID": "061f38df-5fb2-40d3-92b7-c84c83ba7b09",
              "isHook": false,
              "skipped": false
            }
          ],
          "suites": [],
          "passes": [
            "58cf1f36-2cd5-40f6-af22-d998caea5889",
            "6ec7702c-9a31-41bb-b71e-10526220163e"
          ],
          "failures": [],
          "pending": [],
          "skipped": [],
          "duration": 5198,
          "root": false,
          "rootEmpty": false,
          "_timeout": 2000
        }
      ],
      "passes": [],
      "failures": [],
      "pending": [],
      "skipped": [],
      "duration": 0,
      "root": true,
      "rootEmpty": true,
      "_timeout": 2000
    }
  ],
  "meta": {
    "mocha": {
      "version": "7.2.0"
    },
    "mochawesome": {
      "options": {
        "quiet": false,
        "reportFilename": "mochawesome",
        "saveHtml": false,
        "saveJson": true,
        "consoleReporter": "spec",
        "useInlineDiffs": false,
        "code": true
      },
      "version": "7.1.4"
    },
    "marge": {
      "options": {
        "reportDir": "cypress/reports/mochawesome",
        "overwrite": false,
        "html": false,
        "json": true
      },
      "version": "6.3.2"
    }
  }
}