{
  "stats": {
    "suites": 1,
    "tests": 2,
    "passes": 2,
    "pending": 0,
    "failures": 0,
    "start": "2026-03-19T04:45:54.402Z",
    "end": "2026-03-19T04:45:56.158Z",
    "duration": 1756,
    "testsRegistered": 2,
    "passPercent": 100,
    "pendingPercent": 0,
    "other": 0,
    "hasOther": false,
    "skipped": 0,
    "hasSkipped": false
  },
  "results": [
    {
      "uuid": "eb5f90dd-d7d6-4163-a298-26aeeadcd1b5",
      "title": "",
      "fullFile": "cypress\\e2e\\api\\smoke\\carts-api.smoke.cy.js",
      "file": "cypress\\e2e\\api\\smoke\\carts-api.smoke.cy.js",
      "beforeHooks": [],
      "afterHooks": [],
      "tests": [],
      "suites": [
        {
          "uuid": "5900d0dd-c45c-4865-ae26-e0486a42abab",
          "title": "API Smoke - Carts",
          "fullFile": "",
          "file": "",
          "beforeHooks": [],
          "afterHooks": [],
          "tests": [
            {
              "title": "should return carts list with 200",
              "fullTitle": "API Smoke - Carts should return carts list with 200",
              "timedOut": null,
              "duration": 1256,
              "state": "passed",
              "speed": "fast",
              "pass": true,
              "fail": false,
              "pending": false,
              "context": null,
              "code": "cy.request({\n  method: \"GET\",\n  url: `${Cypress.env(\"apiBaseUrl\")}${_apiRoutes.API_ROUTES.CARTS}`\n}).then(response => {\n  expect(response.status).to.eq(200);\n  expect(response.body).to.be.an(\"array\").and.not.be.empty;\n});",
              "err": {},
              "uuid": "446657d7-e1f9-47b2-871a-d755afeb9cba",
              "parentUUID": "5900d0dd-c45c-4865-ae26-e0486a42abab",
              "isHook": false,
              "skipped": false
            },
            {
              "title": "should validate carts API response time within threshold",
              "fullTitle": "API Smoke - Carts should validate carts API response time within threshold",
              "timedOut": null,
              "duration": 428,
              "state": "passed",
              "speed": "fast",
              "pass": true,
              "fail": false,
              "pending": false,
              "context": null,
              "code": "cy.fixture(\"apiTestData\").then(data => {\n  cy.request({\n    method: \"GET\",\n    url: `${Cypress.env(\"apiBaseUrl\")}${_apiRoutes.API_ROUTES.CARTS}`\n  }).then(response => {\n    expect(response.status).to.eq(200);\n    expect(response.duration).to.be.lessThan(data.maxExpectedResponseTimeMs);\n  });\n});",
              "err": {},
              "uuid": "d3a3189b-f365-4f69-8ddc-f6b3298aff18",
              "parentUUID": "5900d0dd-c45c-4865-ae26-e0486a42abab",
              "isHook": false,
              "skipped": false
            }
          ],
          "suites": [],
          "passes": [
            "446657d7-e1f9-47b2-871a-d755afeb9cba",
            "d3a3189b-f365-4f69-8ddc-f6b3298aff18"
          ],
          "failures": [],
          "pending": [],
          "skipped": [],
          "duration": 1684,
          "root": false,
          "rootEmpty": false,
          "_timeout": 2000
        }
      ],
      "passes": [],
      "failures": [],
      "pending": [],
      "skipped": [],
      "duration": 0,
      "root": true,
      "rootEmpty": true,
      "_timeout": 2000
    }
  ],
  "meta": {
    "mocha": {
      "version": "7.2.0"
    },
    "mochawesome": {
      "options": {
        "quiet": false,
        "reportFilename": "mochawesome",
        "saveHtml": false,
        "saveJson": true,
        "consoleReporter": "spec",
        "useInlineDiffs": false,
        "code": true
      },
      "version": "7.1.4"
    },
    "marge": {
      "options": {
        "reportDir": "cypress/reports/mochawesome",
        "overwrite": false,
        "html": false,
        "json": true
      },
      "version": "6.3.2"
    }
  }
}