{
  "stats": {
    "suites": 1,
    "tests": 2,
    "passes": 2,
    "pending": 0,
    "failures": 0,
    "start": "2026-06-27T08:21:22.729Z",
    "end": "2026-06-27T08:21:24.626Z",
    "duration": 1897,
    "testsRegistered": 2,
    "passPercent": 100,
    "pendingPercent": 0,
    "other": 0,
    "hasOther": false,
    "skipped": 0,
    "hasSkipped": false
  },
  "results": [
    {
      "uuid": "b57fe0f7-99ea-44ff-b385-f8a32a7d0e4d",
      "title": "",
      "fullFile": "cypress\\e2e\\api\\smoke\\carts-api.smoke.cy.js",
      "file": "cypress\\e2e\\api\\smoke\\carts-api.smoke.cy.js",
      "beforeHooks": [],
      "afterHooks": [],
      "tests": [],
      "suites": [
        {
          "uuid": "b2483b56-e07c-4a8f-9eff-152a6d62e3f8",
          "title": "API Smoke - Carts",
          "fullFile": "",
          "file": "",
          "beforeHooks": [],
          "afterHooks": [],
          "tests": [
            {
              "title": "should return carts list with 200",
              "fullTitle": "API Smoke - Carts should return carts list with 200",
              "timedOut": null,
              "duration": 1074,
              "state": "passed",
              "speed": "fast",
              "pass": true,
              "fail": false,
              "pending": false,
              "context": null,
              "code": "cy.request({\n  method: \"GET\",\n  url: `${Cypress.env(\"apiBaseUrl\")}${_apiRoutes.API_ROUTES.CARTS}`\n}).then(response => {\n  expect(response.status).to.eq(200);\n  expect(response.body).to.be.an(\"array\").and.not.be.empty;\n});",
              "err": {},
              "uuid": "d292013c-719c-4605-b671-c58777d15a85",
              "parentUUID": "b2483b56-e07c-4a8f-9eff-152a6d62e3f8",
              "isHook": false,
              "skipped": false
            },
            {
              "title": "should validate carts API response time within threshold",
              "fullTitle": "API Smoke - Carts should validate carts API response time within threshold",
              "timedOut": null,
              "duration": 723,
              "state": "passed",
              "speed": "fast",
              "pass": true,
              "fail": false,
              "pending": false,
              "context": null,
              "code": "cy.fixture(\"apiTestData\").then(data => {\n  cy.request({\n    method: \"GET\",\n    url: `${Cypress.env(\"apiBaseUrl\")}${_apiRoutes.API_ROUTES.CARTS}`\n  }).then(response => {\n    expect(response.status).to.eq(200);\n    expect(response.duration).to.be.lessThan(data.maxExpectedResponseTimeMs);\n  });\n});",
              "err": {},
              "uuid": "8313dd85-4815-42de-a295-08716fa29699",
              "parentUUID": "b2483b56-e07c-4a8f-9eff-152a6d62e3f8",
              "isHook": false,
              "skipped": false
            }
          ],
          "suites": [],
          "passes": [
            "d292013c-719c-4605-b671-c58777d15a85",
            "8313dd85-4815-42de-a295-08716fa29699"
          ],
          "failures": [],
          "pending": [],
          "skipped": [],
          "duration": 1797,
          "root": false,
          "rootEmpty": false,
          "_timeout": 2000
        }
      ],
      "passes": [],
      "failures": [],
      "pending": [],
      "skipped": [],
      "duration": 0,
      "root": true,
      "rootEmpty": true,
      "_timeout": 2000
    }
  ],
  "meta": {
    "mocha": {
      "version": "7.2.0"
    },
    "mochawesome": {
      "options": {
        "quiet": false,
        "reportFilename": "mochawesome",
        "saveHtml": false,
        "saveJson": true,
        "consoleReporter": "spec",
        "useInlineDiffs": false,
        "code": true
      },
      "version": "7.1.4"
    },
    "marge": {
      "options": {
        "reportDir": "cypress/reports/mochawesome",
        "overwrite": false,
        "html": false,
        "json": true
      },
      "version": "6.3.2"
    }
  }
}