{
  "stats": {
    "suites": 1,
    "tests": 2,
    "passes": 2,
    "pending": 0,
    "failures": 0,
    "start": "2026-03-15T10:10:57.675Z",
    "end": "2026-03-15T10:10:58.477Z",
    "duration": 802,
    "testsRegistered": 2,
    "passPercent": 100,
    "pendingPercent": 0,
    "other": 0,
    "hasOther": false,
    "skipped": 0,
    "hasSkipped": false
  },
  "results": [
    {
      "uuid": "83f44f5c-26f2-400a-85fc-258c7d825d5c",
      "title": "",
      "fullFile": "cypress\\e2e\\api\\smoke\\products-api.smoke.cy.js",
      "file": "cypress\\e2e\\api\\smoke\\products-api.smoke.cy.js",
      "beforeHooks": [],
      "afterHooks": [],
      "tests": [],
      "suites": [
        {
          "uuid": "0cfd0a4e-3d68-4039-8ad3-59f01ca85e37",
          "title": "API Smoke - Products",
          "fullFile": "",
          "file": "",
          "beforeHooks": [],
          "afterHooks": [],
          "tests": [
            {
              "title": "should return products list with 200 and valid structure",
              "fullTitle": "API Smoke - Products should return products list with 200 and valid structure",
              "timedOut": null,
              "duration": 374,
              "state": "passed",
              "speed": "fast",
              "pass": true,
              "fail": false,
              "pending": false,
              "context": null,
              "code": "cy.getProducts().then(response => {\n  expect(response.status).to.eq(200);\n  expect(response.body).to.be.an(\"array\").and.not.be.empty;\n  const firstProduct = response.body[0];\n  (0, _validators.validateProductShape)(firstProduct);\n});",
              "err": {},
              "uuid": "8969a840-d143-4aac-a3c2-5df248d9ea90",
              "parentUUID": "0cfd0a4e-3d68-4039-8ad3-59f01ca85e37",
              "isHook": false,
              "skipped": false
            },
            {
              "title": "should return a single product by id with valid fields",
              "fullTitle": "API Smoke - Products should return a single product by id with valid fields",
              "timedOut": null,
              "duration": 362,
              "state": "passed",
              "speed": "fast",
              "pass": true,
              "fail": false,
              "pending": false,
              "context": null,
              "code": "cy.fixture(\"apiTestData\").then(data => {\n  cy.getProductById(data.validProductId).then(response => {\n    expect(response.status).to.eq(200);\n    expect(response.body.id).to.eq(data.validProductId);\n    (0, _validators.validateProductShape)(response.body);\n  });\n});",
              "err": {},
              "uuid": "10dea340-7aa2-454f-86e5-029add4e48ab",
              "parentUUID": "0cfd0a4e-3d68-4039-8ad3-59f01ca85e37",
              "isHook": false,
              "skipped": false
            }
          ],
          "suites": [],
          "passes": [
            "8969a840-d143-4aac-a3c2-5df248d9ea90",
            "10dea340-7aa2-454f-86e5-029add4e48ab"
          ],
          "failures": [],
          "pending": [],
          "skipped": [],
          "duration": 736,
          "root": false,
          "rootEmpty": false,
          "_timeout": 2000
        }
      ],
      "passes": [],
      "failures": [],
      "pending": [],
      "skipped": [],
      "duration": 0,
      "root": true,
      "rootEmpty": true,
      "_timeout": 2000
    }
  ],
  "meta": {
    "mocha": {
      "version": "7.2.0"
    },
    "mochawesome": {
      "options": {
        "quiet": false,
        "reportFilename": "mochawesome",
        "saveHtml": false,
        "saveJson": true,
        "consoleReporter": "spec",
        "useInlineDiffs": false,
        "code": true
      },
      "version": "7.1.4"
    },
    "marge": {
      "options": {
        "reportDir": "cypress/reports/mochawesome",
        "overwrite": false,
        "html": false,
        "json": true
      },
      "version": "6.3.2"
    }
  }
}