{
  "stats": {
    "suites": 1,
    "tests": 1,
    "passes": 1,
    "pending": 0,
    "failures": 0,
    "start": "2026-06-27T08:21:40.893Z",
    "end": "2026-06-27T08:21:45.828Z",
    "duration": 4935,
    "testsRegistered": 1,
    "passPercent": 100,
    "pendingPercent": 0,
    "other": 0,
    "hasOther": false,
    "skipped": 0,
    "hasSkipped": false
  },
  "results": [
    {
      "uuid": "c83a0be8-cf8e-4039-9657-fb8903d41098",
      "title": "",
      "fullFile": "cypress\\e2e\\ui\\smoke\\checkout.smoke.cy.js",
      "file": "cypress\\e2e\\ui\\smoke\\checkout.smoke.cy.js",
      "beforeHooks": [],
      "afterHooks": [],
      "tests": [],
      "suites": [
        {
          "uuid": "5f63f2a5-472d-4e10-af73-bd48af94d932",
          "title": "UI Smoke - Checkout",
          "fullFile": "",
          "file": "",
          "beforeHooks": [],
          "afterHooks": [],
          "tests": [
            {
              "title": "should complete checkout successfully",
              "fullTitle": "UI Smoke - Checkout should complete checkout successfully",
              "timedOut": null,
              "duration": 4830,
              "state": "passed",
              "speed": "fast",
              "pass": true,
              "fail": false,
              "pending": false,
              "context": null,
              "code": "cy.fixture(\"checkout\").then(checkoutData => {\n  const user = checkoutData.validCheckoutUser;\n  _InventoryPage.default.addProductToCartByName(productName);\n  _InventoryPage.default.openCart();\n  _CartPage.default.clickCheckout();\n  cy.url().should(\"include\", _constants.URLS.CHECKOUT_STEP_ONE);\n  _CheckoutPage.default.fillCheckoutInfo(user.firstName, user.lastName, user.postalCode);\n  _CheckoutPage.default.continueCheckout();\n  cy.url().should(\"include\", _constants.URLS.CHECKOUT_STEP_TWO);\n  _CheckoutPage.default.finishCheckout();\n  cy.url().should(\"include\", _constants.URLS.CHECKOUT_COMPLETE);\n  _CheckoutPage.default.getCompleteHeader().should(\"have.text\", \"Thank you for your order!\");\n});",
              "err": {},
              "uuid": "0155c3a6-6bdb-4ef8-b598-9ce83128cfe2",
              "parentUUID": "5f63f2a5-472d-4e10-af73-bd48af94d932",
              "isHook": false,
              "skipped": false
            }
          ],
          "suites": [],
          "passes": [
            "0155c3a6-6bdb-4ef8-b598-9ce83128cfe2"
          ],
          "failures": [],
          "pending": [],
          "skipped": [],
          "duration": 4830,
          "root": false,
          "rootEmpty": false,
          "_timeout": 2000
        }
      ],
      "passes": [],
      "failures": [],
      "pending": [],
      "skipped": [],
      "duration": 0,
      "root": true,
      "rootEmpty": true,
      "_timeout": 2000
    }
  ],
  "meta": {
    "mocha": {
      "version": "7.2.0"
    },
    "mochawesome": {
      "options": {
        "quiet": false,
        "reportFilename": "mochawesome",
        "saveHtml": false,
        "saveJson": true,
        "consoleReporter": "spec",
        "useInlineDiffs": false,
        "code": true
      },
      "version": "7.1.4"
    },
    "marge": {
      "options": {
        "reportDir": "cypress/reports/mochawesome",
        "overwrite": false,
        "html": false,
        "json": true
      },
      "version": "6.3.2"
    }
  }
}