{
  "stats": {
    "suites": 1,
    "tests": 1,
    "passes": 1,
    "pending": 0,
    "failures": 0,
    "start": "2026-06-27T08:21:33.308Z",
    "end": "2026-06-27T08:21:37.366Z",
    "duration": 4058,
    "testsRegistered": 1,
    "passPercent": 100,
    "pendingPercent": 0,
    "other": 0,
    "hasOther": false,
    "skipped": 0,
    "hasSkipped": false
  },
  "results": [
    {
      "uuid": "b4ea3120-7594-41b3-bbeb-d9a7dffb34e5",
      "title": "",
      "fullFile": "cypress\\e2e\\ui\\smoke\\add-to-cart.smoke.cy.js",
      "file": "cypress\\e2e\\ui\\smoke\\add-to-cart.smoke.cy.js",
      "beforeHooks": [],
      "afterHooks": [],
      "tests": [],
      "suites": [
        {
          "uuid": "88c18f80-d2c3-4a15-ac05-1f0dc55a6e3a",
          "title": "UI Smoke - Add to Cart",
          "fullFile": "",
          "file": "",
          "beforeHooks": [],
          "afterHooks": [],
          "tests": [
            {
              "title": "should add one product to cart and verify item in cart",
              "fullTitle": "UI Smoke - Add to Cart should add one product to cart and verify item in cart",
              "timedOut": null,
              "duration": 3933,
              "state": "passed",
              "speed": "fast",
              "pass": true,
              "fail": false,
              "pending": false,
              "context": null,
              "code": "_InventoryPage.default.addProductToCartByName(productName);\ncy.get(\".shopping_cart_badge\").should(\"have.text\", \"1\");\n_InventoryPage.default.openCart();\n_CartPage.default.getCartItems().should(\"have.length\", 1);\ncy.contains(\".inventory_item_name\", productName).should(\"be.visible\");",
              "err": {},
              "uuid": "adbf96aa-b538-4e46-80b2-c81ee278e842",
              "parentUUID": "88c18f80-d2c3-4a15-ac05-1f0dc55a6e3a",
              "isHook": false,
              "skipped": false
            }
          ],
          "suites": [],
          "passes": [
            "adbf96aa-b538-4e46-80b2-c81ee278e842"
          ],
          "failures": [],
          "pending": [],
          "skipped": [],
          "duration": 3933,
          "root": false,
          "rootEmpty": false,
          "_timeout": 2000
        }
      ],
      "passes": [],
      "failures": [],
      "pending": [],
      "skipped": [],
      "duration": 0,
      "root": true,
      "rootEmpty": true,
      "_timeout": 2000
    }
  ],
  "meta": {
    "mocha": {
      "version": "7.2.0"
    },
    "mochawesome": {
      "options": {
        "quiet": false,
        "reportFilename": "mochawesome",
        "saveHtml": false,
        "saveJson": true,
        "consoleReporter": "spec",
        "useInlineDiffs": false,
        "code": true
      },
      "version": "7.1.4"
    },
    "marge": {
      "options": {
        "reportDir": "cypress/reports/mochawesome",
        "overwrite": false,
        "html": false,
        "json": true
      },
      "version": "6.3.2"
    }
  }
}