{
  "stats": {
    "suites": 1,
    "tests": 1,
    "passes": 1,
    "pending": 0,
    "failures": 0,
    "start": "2026-06-27T08:20:15.628Z",
    "end": "2026-06-27T08:20:20.735Z",
    "duration": 5107,
    "testsRegistered": 1,
    "passPercent": 100,
    "pendingPercent": 0,
    "other": 0,
    "hasOther": false,
    "skipped": 0,
    "hasSkipped": false
  },
  "results": [
    {
      "uuid": "4b1554db-6b5e-4511-b5b2-18f2b0281fda",
      "title": "",
      "fullFile": "cypress\\e2e\\ui\\smoke\\login.smoke.cy.js",
      "file": "cypress\\e2e\\ui\\smoke\\login.smoke.cy.js",
      "beforeHooks": [],
      "afterHooks": [],
      "tests": [],
      "suites": [
        {
          "uuid": "e4e06250-8c3d-4218-b509-0ff58d19c37e",
          "title": "UI Smoke - Login",
          "fullFile": "",
          "file": "",
          "beforeHooks": [],
          "afterHooks": [],
          "tests": [
            {
              "title": "should login successfully with valid credentials",
              "fullTitle": "UI Smoke - Login should login successfully with valid credentials",
              "timedOut": null,
              "duration": 4924,
              "state": "passed",
              "speed": "fast",
              "pass": true,
              "fail": false,
              "pending": false,
              "context": null,
              "code": "const {\n  username,\n  password\n} = this.usersData.validUser;\n_LoginPage.default.login(username, password);\ncy.url().should(\"include\", _constants.URLS.INVENTORY);\ncy.get(\".inventory_list\").should(\"be.visible\");",
              "err": {},
              "uuid": "082c2e50-42ac-4ca9-933e-533e5cffef28",
              "parentUUID": "e4e06250-8c3d-4218-b509-0ff58d19c37e",
              "isHook": false,
              "skipped": false
            }
          ],
          "suites": [],
          "passes": [
            "082c2e50-42ac-4ca9-933e-533e5cffef28"
          ],
          "failures": [],
          "pending": [],
          "skipped": [],
          "duration": 4924,
          "root": false,
          "rootEmpty": false,
          "_timeout": 2000
        }
      ],
      "passes": [],
      "failures": [],
      "pending": [],
      "skipped": [],
      "duration": 0,
      "root": true,
      "rootEmpty": true,
      "_timeout": 2000
    }
  ],
  "meta": {
    "mocha": {
      "version": "7.2.0"
    },
    "mochawesome": {
      "options": {
        "quiet": false,
        "reportFilename": "mochawesome",
        "saveHtml": false,
        "saveJson": true,
        "consoleReporter": "spec",
        "useInlineDiffs": false,
        "code": true
      },
      "version": "7.1.4"
    },
    "marge": {
      "options": {
        "reportDir": "cypress/reports/mochawesome",
        "overwrite": false,
        "html": false,
        "json": true
      },
      "version": "6.3.2"
    }
  }
}