{
  "stats": {
    "suites": 1,
    "tests": 1,
    "passes": 1,
    "pending": 0,
    "failures": 0,
    "start": "2026-03-15T10:10:15.538Z",
    "end": "2026-03-15T10:10:19.377Z",
    "duration": 3839,
    "testsRegistered": 1,
    "passPercent": 100,
    "pendingPercent": 0,
    "other": 0,
    "hasOther": false,
    "skipped": 0,
    "hasSkipped": false
  },
  "results": [
    {
      "uuid": "8ea6f392-c423-4ee2-9efe-cada71613f79",
      "title": "",
      "fullFile": "cypress\\e2e\\ui\\smoke\\checkout.smoke.cy.js",
      "file": "cypress\\e2e\\ui\\smoke\\checkout.smoke.cy.js",
      "beforeHooks": [],
      "afterHooks": [],
      "tests": [],
      "suites": [
        {
          "uuid": "e08497c6-4fc7-4187-a522-4c9b88a277f8",
          "title": "UI Smoke - Checkout",
          "fullFile": "",
          "file": "",
          "beforeHooks": [],
          "afterHooks": [],
          "tests": [
            {
              "title": "should complete checkout successfully",
              "fullTitle": "UI Smoke - Checkout should complete checkout successfully",
              "timedOut": null,
              "duration": 3773,
              "state": "passed",
              "speed": "fast",
              "pass": true,
              "fail": false,
              "pending": false,
              "context": null,
              "code": "cy.fixture(\"checkout\").then(checkoutData => {\n  const user = checkoutData.validCheckoutUser;\n  _InventoryPage.default.addProductToCartByName(productName);\n  _InventoryPage.default.openCart();\n  _CartPage.default.clickCheckout();\n  cy.url().should(\"include\", _constants.URLS.CHECKOUT_STEP_ONE);\n  _CheckoutPage.default.fillCheckoutInfo(user.firstName, user.lastName, user.postalCode);\n  _CheckoutPage.default.continueCheckout();\n  cy.url().should(\"include\", _constants.URLS.CHECKOUT_STEP_TWO);\n  _CheckoutPage.default.finishCheckout();\n  cy.url().should(\"include\", _constants.URLS.CHECKOUT_COMPLETE);\n  _CheckoutPage.default.getCompleteHeader().should(\"have.text\", \"Thank you for your order!\");\n});",
              "err": {},
              "uuid": "b4a628db-fbe8-46e4-9381-8f2140a1b1a3",
              "parentUUID": "e08497c6-4fc7-4187-a522-4c9b88a277f8",
              "isHook": false,
              "skipped": false
            }
          ],
          "suites": [],
          "passes": [
            "b4a628db-fbe8-46e4-9381-8f2140a1b1a3"
          ],
          "failures": [],
          "pending": [],
          "skipped": [],
          "duration": 3773,
          "root": false,
          "rootEmpty": false,
          "_timeout": 2000
        }
      ],
      "passes": [],
      "failures": [],
      "pending": [],
      "skipped": [],
      "duration": 0,
      "root": true,
      "rootEmpty": true,
      "_timeout": 2000
    }
  ],
  "meta": {
    "mocha": {
      "version": "7.2.0"
    },
    "mochawesome": {
      "options": {
        "quiet": false,
        "reportFilename": "mochawesome",
        "saveHtml": false,
        "saveJson": true,
        "consoleReporter": "spec",
        "useInlineDiffs": false,
        "code": true
      },
      "version": "7.1.4"
    },
    "marge": {
      "options": {
        "reportDir": "cypress/reports/mochawesome",
        "overwrite": false,
        "html": false,
        "json": true
      },
      "version": "6.3.2"
    }
  }
}