{
  "stats": {
    "suites": 1,
    "tests": 2,
    "passes": 2,
    "pending": 0,
    "failures": 0,
    "start": "2026-03-15T10:10:52.121Z",
    "end": "2026-03-15T10:10:54.558Z",
    "duration": 2437,
    "testsRegistered": 2,
    "passPercent": 100,
    "pendingPercent": 0,
    "other": 0,
    "hasOther": false,
    "skipped": 0,
    "hasSkipped": false
  },
  "results": [
    {
      "uuid": "e8eac4f9-3bf2-4b3c-b1f3-b334ab0e9e97",
      "title": "",
      "fullFile": "cypress\\e2e\\api\\smoke\\carts-api.smoke.cy.js",
      "file": "cypress\\e2e\\api\\smoke\\carts-api.smoke.cy.js",
      "beforeHooks": [],
      "afterHooks": [],
      "tests": [],
      "suites": [
        {
          "uuid": "38d3deb4-b8b2-4a7d-879a-76d61f26ab3a",
          "title": "API Smoke - Carts",
          "fullFile": "",
          "file": "",
          "beforeHooks": [],
          "afterHooks": [],
          "tests": [
            {
              "title": "should return carts list with 200",
              "fullTitle": "API Smoke - Carts should return carts list with 200",
              "timedOut": null,
              "duration": 1934,
              "state": "passed",
              "speed": "fast",
              "pass": true,
              "fail": false,
              "pending": false,
              "context": null,
              "code": "cy.request({\n  method: \"GET\",\n  url: `${Cypress.env(\"apiBaseUrl\")}${_apiRoutes.API_ROUTES.CARTS}`\n}).then(response => {\n  expect(response.status).to.eq(200);\n  expect(response.body).to.be.an(\"array\").and.not.be.empty;\n});",
              "err": {},
              "uuid": "a63b806a-07d9-4a41-9b3b-2913a1d42729",
              "parentUUID": "38d3deb4-b8b2-4a7d-879a-76d61f26ab3a",
              "isHook": false,
              "skipped": false
            },
            {
              "title": "should validate carts API response time within threshold",
              "fullTitle": "API Smoke - Carts should validate carts API response time within threshold",
              "timedOut": null,
              "duration": 409,
              "state": "passed",
              "speed": "fast",
              "pass": true,
              "fail": false,
              "pending": false,
              "context": null,
              "code": "cy.fixture(\"apiTestData\").then(data => {\n  cy.request({\n    method: \"GET\",\n    url: `${Cypress.env(\"apiBaseUrl\")}${_apiRoutes.API_ROUTES.CARTS}`\n  }).then(response => {\n    expect(response.status).to.eq(200);\n    expect(response.duration).to.be.lessThan(data.maxExpectedResponseTimeMs);\n  });\n});",
              "err": {},
              "uuid": "d0d4de7e-9c21-4450-8840-e5834cdd9655",
              "parentUUID": "38d3deb4-b8b2-4a7d-879a-76d61f26ab3a",
              "isHook": false,
              "skipped": false
            }
          ],
          "suites": [],
          "passes": [
            "a63b806a-07d9-4a41-9b3b-2913a1d42729",
            "d0d4de7e-9c21-4450-8840-e5834cdd9655"
          ],
          "failures": [],
          "pending": [],
          "skipped": [],
          "duration": 2343,
          "root": false,
          "rootEmpty": false,
          "_timeout": 2000
        }
      ],
      "passes": [],
      "failures": [],
      "pending": [],
      "skipped": [],
      "duration": 0,
      "root": true,
      "rootEmpty": true,
      "_timeout": 2000
    }
  ],
  "meta": {
    "mocha": {
      "version": "7.2.0"
    },
    "mochawesome": {
      "options": {
        "quiet": false,
        "reportFilename": "mochawesome",
        "saveHtml": false,
        "saveJson": true,
        "consoleReporter": "spec",
        "useInlineDiffs": false,
        "code": true
      },
      "version": "7.1.4"
    },
    "marge": {
      "options": {
        "reportDir": "cypress/reports/mochawesome",
        "overwrite": false,
        "html": false,
        "json": true
      },
      "version": "6.3.2"
    }
  }
}