{
  "stats": {
    "suites": 1,
    "tests": 1,
    "passes": 1,
    "pending": 0,
    "failures": 0,
    "start": "2026-06-27T08:23:53.026Z",
    "end": "2026-06-27T08:23:56.677Z",
    "duration": 3651,
    "testsRegistered": 1,
    "passPercent": 100,
    "pendingPercent": 0,
    "other": 0,
    "hasOther": false,
    "skipped": 0,
    "hasSkipped": false
  },
  "results": [
    {
      "uuid": "41e5c208-2b2d-477c-be37-487d43c8dae3",
      "title": "",
      "fullFile": "cypress\\e2e\\ui\\regression\\logout.regression.cy.js",
      "file": "cypress\\e2e\\ui\\regression\\logout.regression.cy.js",
      "beforeHooks": [],
      "afterHooks": [],
      "tests": [],
      "suites": [
        {
          "uuid": "906d250d-9513-415a-8d0b-66ef86fa4f23",
          "title": "UI Regression - Logout",
          "fullFile": "",
          "file": "",
          "beforeHooks": [],
          "afterHooks": [],
          "tests": [
            {
              "title": "should logout successfully and return to login page",
              "fullTitle": "UI Regression - Logout should logout successfully and return to login page",
              "timedOut": null,
              "duration": 3524,
              "state": "passed",
              "speed": "fast",
              "pass": true,
              "fail": false,
              "pending": false,
              "context": null,
              "code": "_HeaderComponent.default.openMenu();\ncy.get('[data-test=\"logout-sidebar-link\"]').should(\"be.visible\");\n_HeaderComponent.default.clickLogout();\ncy.url().should(\"eq\", \"https://www.saucedemo.com/\");\ncy.get('[data-test=\"login-button\"]').should(\"be.visible\");",
              "err": {},
              "uuid": "a3d9816d-01b0-40f8-812d-06a4984bab51",
              "parentUUID": "906d250d-9513-415a-8d0b-66ef86fa4f23",
              "isHook": false,
              "skipped": false
            }
          ],
          "suites": [],
          "passes": [
            "a3d9816d-01b0-40f8-812d-06a4984bab51"
          ],
          "failures": [],
          "pending": [],
          "skipped": [],
          "duration": 3524,
          "root": false,
          "rootEmpty": false,
          "_timeout": 2000
        }
      ],
      "passes": [],
      "failures": [],
      "pending": [],
      "skipped": [],
      "duration": 0,
      "root": true,
      "rootEmpty": true,
      "_timeout": 2000
    }
  ],
  "meta": {
    "mocha": {
      "version": "7.2.0"
    },
    "mochawesome": {
      "options": {
        "quiet": false,
        "reportFilename": "mochawesome",
        "saveHtml": false,
        "saveJson": true,
        "consoleReporter": "spec",
        "useInlineDiffs": false,
        "code": true
      },
      "version": "7.1.4"
    },
    "marge": {
      "options": {
        "reportDir": "cypress/reports/mochawesome",
        "overwrite": false,
        "html": false,
        "json": true
      },
      "version": "6.3.2"
    }
  }
}