{
  "stats": {
    "suites": 1,
    "tests": 2,
    "passes": 2,
    "pending": 0,
    "failures": 0,
    "start": "2026-03-19T04:45:59.345Z",
    "end": "2026-03-19T04:46:00.250Z",
    "duration": 905,
    "testsRegistered": 2,
    "passPercent": 100,
    "pendingPercent": 0,
    "other": 0,
    "hasOther": false,
    "skipped": 0,
    "hasSkipped": false
  },
  "results": [
    {
      "uuid": "8665d8ab-23b5-44a7-8da6-91908c26eee1",
      "title": "",
      "fullFile": "cypress\\e2e\\api\\smoke\\products-api.smoke.cy.js",
      "file": "cypress\\e2e\\api\\smoke\\products-api.smoke.cy.js",
      "beforeHooks": [],
      "afterHooks": [],
      "tests": [],
      "suites": [
        {
          "uuid": "1a336319-d28b-4570-baa2-218c24c16196",
          "title": "API Smoke - Products",
          "fullFile": "",
          "file": "",
          "beforeHooks": [],
          "afterHooks": [],
          "tests": [
            {
              "title": "should return products list with 200 and valid structure",
              "fullTitle": "API Smoke - Products should return products list with 200 and valid structure",
              "timedOut": null,
              "duration": 381,
              "state": "passed",
              "speed": "fast",
              "pass": true,
              "fail": false,
              "pending": false,
              "context": null,
              "code": "cy.getProducts().then(response => {\n  expect(response.status).to.eq(200);\n  expect(response.body).to.be.an(\"array\").and.not.be.empty;\n  const firstProduct = response.body[0];\n  (0, _validators.validateProductShape)(firstProduct);\n});",
              "err": {},
              "uuid": "a0d69e62-7986-478b-93f1-f2c475cb7ff8",
              "parentUUID": "1a336319-d28b-4570-baa2-218c24c16196",
              "isHook": false,
              "skipped": false
            },
            {
              "title": "should return a single product by id with valid fields",
              "fullTitle": "API Smoke - Products should return a single product by id with valid fields",
              "timedOut": null,
              "duration": 448,
              "state": "passed",
              "speed": "fast",
              "pass": true,
              "fail": false,
              "pending": false,
              "context": null,
              "code": "cy.fixture(\"apiTestData\").then(data => {\n  cy.getProductById(data.validProductId).then(response => {\n    expect(response.status).to.eq(200);\n    expect(response.body.id).to.eq(data.validProductId);\n    (0, _validators.validateProductShape)(response.body);\n  });\n});",
              "err": {},
              "uuid": "73017602-ff22-49bd-9297-425ed23f6c51",
              "parentUUID": "1a336319-d28b-4570-baa2-218c24c16196",
              "isHook": false,
              "skipped": false
            }
          ],
          "suites": [],
          "passes": [
            "a0d69e62-7986-478b-93f1-f2c475cb7ff8",
            "73017602-ff22-49bd-9297-425ed23f6c51"
          ],
          "failures": [],
          "pending": [],
          "skipped": [],
          "duration": 829,
          "root": false,
          "rootEmpty": false,
          "_timeout": 2000
        }
      ],
      "passes": [],
      "failures": [],
      "pending": [],
      "skipped": [],
      "duration": 0,
      "root": true,
      "rootEmpty": true,
      "_timeout": 2000
    }
  ],
  "meta": {
    "mocha": {
      "version": "7.2.0"
    },
    "mochawesome": {
      "options": {
        "quiet": false,
        "reportFilename": "mochawesome",
        "saveHtml": false,
        "saveJson": true,
        "consoleReporter": "spec",
        "useInlineDiffs": false,
        "code": true
      },
      "version": "7.1.4"
    },
    "marge": {
      "options": {
        "reportDir": "cypress/reports/mochawesome",
        "overwrite": false,
        "html": false,
        "json": true
      },
      "version": "6.3.2"
    }
  }
}