{
  "stats": {
    "suites": 1,
    "tests": 4,
    "passes": 4,
    "pending": 0,
    "failures": 0,
    "start": "2026-06-27T08:23:41.194Z",
    "end": "2026-06-27T08:23:48.588Z",
    "duration": 7394,
    "testsRegistered": 4,
    "passPercent": 100,
    "pendingPercent": 0,
    "other": 0,
    "hasOther": false,
    "skipped": 0,
    "hasSkipped": false
  },
  "results": [
    {
      "uuid": "2a65ad78-9fb6-48fd-aa6a-fa65618d2fc6",
      "title": "",
      "fullFile": "cypress\\e2e\\ui\\regression\\login.regression.cy.js",
      "file": "cypress\\e2e\\ui\\regression\\login.regression.cy.js",
      "beforeHooks": [],
      "afterHooks": [],
      "tests": [],
      "suites": [
        {
          "uuid": "e726ebaf-1b21-4ae0-8d98-6d09febee6dc",
          "title": "UI Regression - Login",
          "fullFile": "",
          "file": "",
          "beforeHooks": [],
          "afterHooks": [],
          "tests": [
            {
              "title": "should show error for locked user",
              "fullTitle": "UI Regression - Login should show error for locked user",
              "timedOut": null,
              "duration": 3058,
              "state": "passed",
              "speed": "fast",
              "pass": true,
              "fail": false,
              "pending": false,
              "context": null,
              "code": "const {\n  username,\n  password\n} = this.usersData.lockedUser;\n_LoginPage.default.login(username, password);\n_LoginPage.default.getError().should(\"contain.text\", this.messages.lockedUserError);",
              "err": {},
              "uuid": "b0364a3e-44b7-4c1e-a957-df2523b0647d",
              "parentUUID": "e726ebaf-1b21-4ae0-8d98-6d09febee6dc",
              "isHook": false,
              "skipped": false
            },
            {
              "title": "should show error for invalid credentials",
              "fullTitle": "UI Regression - Login should show error for invalid credentials",
              "timedOut": null,
              "duration": 1850,
              "state": "passed",
              "speed": "fast",
              "pass": true,
              "fail": false,
              "pending": false,
              "context": null,
              "code": "const {\n  username,\n  password\n} = this.usersData.invalidUser;\n_LoginPage.default.login(username, password);\n_LoginPage.default.getError().should(\"contain.text\", this.messages.invalidUserError);",
              "err": {},
              "uuid": "ac397974-1c6b-433c-b0b2-ebf5c5b9f828",
              "parentUUID": "e726ebaf-1b21-4ae0-8d98-6d09febee6dc",
              "isHook": false,
              "skipped": false
            },
            {
              "title": "should not login with empty username and password",
              "fullTitle": "UI Regression - Login should not login with empty username and password",
              "timedOut": null,
              "duration": 361,
              "state": "passed",
              "speed": "fast",
              "pass": true,
              "fail": false,
              "pending": false,
              "context": null,
              "code": "_LoginPage.default.clickLogin();\n_LoginPage.default.getError().should(\"be.visible\");",
              "err": {},
              "uuid": "633ea353-ae8b-412a-823b-7558c1d2527c",
              "parentUUID": "e726ebaf-1b21-4ae0-8d98-6d09febee6dc",
              "isHook": false,
              "skipped": false
            },
            {
              "title": "should keep user on inventory page after successful login",
              "fullTitle": "UI Regression - Login should keep user on inventory page after successful login",
              "timedOut": null,
              "duration": 1756,
              "state": "passed",
              "speed": "fast",
              "pass": true,
              "fail": false,
              "pending": false,
              "context": null,
              "code": "const {\n  username,\n  password\n} = this.usersData.validUser;\n_LoginPage.default.login(username, password);\ncy.url().should(\"include\", _constants.URLS.INVENTORY);",
              "err": {},
              "uuid": "e974cca8-a325-4ffa-ab82-bff0440807e1",
              "parentUUID": "e726ebaf-1b21-4ae0-8d98-6d09febee6dc",
              "isHook": false,
              "skipped": false
            }
          ],
          "suites": [],
          "passes": [
            "b0364a3e-44b7-4c1e-a957-df2523b0647d",
            "ac397974-1c6b-433c-b0b2-ebf5c5b9f828",
            "633ea353-ae8b-412a-823b-7558c1d2527c",
            "e974cca8-a325-4ffa-ab82-bff0440807e1"
          ],
          "failures": [],
          "pending": [],
          "skipped": [],
          "duration": 7025,
          "root": false,
          "rootEmpty": false,
          "_timeout": 2000
        }
      ],
      "passes": [],
      "failures": [],
      "pending": [],
      "skipped": [],
      "duration": 0,
      "root": true,
      "rootEmpty": true,
      "_timeout": 2000
    }
  ],
  "meta": {
    "mocha": {
      "version": "7.2.0"
    },
    "mochawesome": {
      "options": {
        "quiet": false,
        "reportFilename": "mochawesome",
        "saveHtml": false,
        "saveJson": true,
        "consoleReporter": "spec",
        "useInlineDiffs": false,
        "code": true
      },
      "version": "7.1.4"
    },
    "marge": {
      "options": {
        "reportDir": "cypress/reports/mochawesome",
        "overwrite": false,
        "html": false,
        "json": true
      },
      "version": "6.3.2"
    }
  }
}