{
  "stats": {
    "suites": 1,
    "tests": 2,
    "passes": 2,
    "pending": 0,
    "failures": 0,
    "start": "2026-06-27T08:23:31.161Z",
    "end": "2026-06-27T08:23:37.112Z",
    "duration": 5951,
    "testsRegistered": 2,
    "passPercent": 100,
    "pendingPercent": 0,
    "other": 0,
    "hasOther": false,
    "skipped": 0,
    "hasSkipped": false
  },
  "results": [
    {
      "uuid": "c93c7ff4-f0ab-4ec9-8b47-c3ace396afba",
      "title": "",
      "fullFile": "cypress\\e2e\\ui\\regression\\cart.regression.cy.js",
      "file": "cypress\\e2e\\ui\\regression\\cart.regression.cy.js",
      "beforeHooks": [],
      "afterHooks": [],
      "tests": [],
      "suites": [
        {
          "uuid": "75e71165-cfa0-45c9-bc26-6368361ab3b5",
          "title": "UI Regression - Cart",
          "fullFile": "",
          "file": "",
          "beforeHooks": [],
          "afterHooks": [],
          "tests": [
            {
              "title": "should remove product from cart successfully",
              "fullTitle": "UI Regression - Cart should remove product from cart successfully",
              "timedOut": null,
              "duration": 4057,
              "state": "passed",
              "speed": "fast",
              "pass": true,
              "fail": false,
              "pending": false,
              "context": null,
              "code": "_InventoryPage.default.addProductToCartByName(productName);\n_InventoryPage.default.openCart();\ncy.contains(\".inventory_item_name\", productName).should(\"be.visible\");\n_CartPage.default.removeItemByName(productName);\ncy.contains(\".inventory_item_name\", productName).should(\"not.exist\");",
              "err": {},
              "uuid": "85eeaf74-75ee-4ed6-b4b3-633cd632ed37",
              "parentUUID": "75e71165-cfa0-45c9-bc26-6368361ab3b5",
              "isHook": false,
              "skipped": false
            },
            {
              "title": "should retain cart item after navigating back to inventory",
              "fullTitle": "UI Regression - Cart should retain cart item after navigating back to inventory",
              "timedOut": null,
              "duration": 1685,
              "state": "passed",
              "speed": "fast",
              "pass": true,
              "fail": false,
              "pending": false,
              "context": null,
              "code": "_InventoryPage.default.addProductToCartByName(productName);\n_InventoryPage.default.openCart();\ncy.get('[data-test=\"continue-shopping\"]').click();\ncy.get(\".shopping_cart_badge\").should(\"have.text\", \"1\");",
              "err": {},
              "uuid": "6dec0e31-ead8-44c1-95e1-9cc0b10e3380",
              "parentUUID": "75e71165-cfa0-45c9-bc26-6368361ab3b5",
              "isHook": false,
              "skipped": false
            }
          ],
          "suites": [],
          "passes": [
            "85eeaf74-75ee-4ed6-b4b3-633cd632ed37",
            "6dec0e31-ead8-44c1-95e1-9cc0b10e3380"
          ],
          "failures": [],
          "pending": [],
          "skipped": [],
          "duration": 5742,
          "root": false,
          "rootEmpty": false,
          "_timeout": 2000
        }
      ],
      "passes": [],
      "failures": [],
      "pending": [],
      "skipped": [],
      "duration": 0,
      "root": true,
      "rootEmpty": true,
      "_timeout": 2000
    }
  ],
  "meta": {
    "mocha": {
      "version": "7.2.0"
    },
    "mochawesome": {
      "options": {
        "quiet": false,
        "reportFilename": "mochawesome",
        "saveHtml": false,
        "saveJson": true,
        "consoleReporter": "spec",
        "useInlineDiffs": false,
        "code": true
      },
      "version": "7.1.4"
    },
    "marge": {
      "options": {
        "reportDir": "cypress/reports/mochawesome",
        "overwrite": false,
        "html": false,
        "json": true
      },
      "version": "6.3.2"
    }
  }
}